ARM GAS  /tmp/ccQhPtwr.s 			page 1


   1              		.cpu cortex-m4
   2              		.arch armv7e-m
   3              		.fpu fpv4-sp-d16
   4              		.eabi_attribute 27, 1
   5              		.eabi_attribute 28, 1
   6              		.eabi_attribute 20, 1
   7              		.eabi_attribute 21, 1
   8              		.eabi_attribute 23, 3
   9              		.eabi_attribute 24, 1
  10              		.eabi_attribute 25, 1
  11              		.eabi_attribute 26, 1
  12              		.eabi_attribute 30, 1
  13              		.eabi_attribute 34, 1
  14              		.eabi_attribute 18, 4
  15              		.file	"i2c.c"
  16              		.text
  17              	.Ltext0:
  18              		.cfi_sections	.debug_frame
  19              		.section	.text.MX_I2C1_Init,"ax",%progbits
  20              		.align	1
  21              		.global	MX_I2C1_Init
  22              		.syntax unified
  23              		.thumb
  24              		.thumb_func
  26              	MX_I2C1_Init:
  27              	.LFB130:
  28              		.file 1 "Core/Src/i2c.c"
   1:Core/Src/i2c.c **** /* USER CODE BEGIN Header */
   2:Core/Src/i2c.c **** /**
   3:Core/Src/i2c.c ****   ******************************************************************************
   4:Core/Src/i2c.c ****   * @file    i2c.c
   5:Core/Src/i2c.c ****   * @brief   This file provides code for the configuration
   6:Core/Src/i2c.c ****   *          of the I2C instances.
   7:Core/Src/i2c.c ****   ******************************************************************************
   8:Core/Src/i2c.c ****   * @attention
   9:Core/Src/i2c.c ****   *
  10:Core/Src/i2c.c ****   * Copyright (c) 2022 STMicroelectronics.
  11:Core/Src/i2c.c ****   * All rights reserved.
  12:Core/Src/i2c.c ****   *
  13:Core/Src/i2c.c ****   * This software is licensed under terms that can be found in the LICENSE file
  14:Core/Src/i2c.c ****   * in the root directory of this software component.
  15:Core/Src/i2c.c ****   * If no LICENSE file comes with this software, it is provided AS-IS.
  16:Core/Src/i2c.c ****   *
  17:Core/Src/i2c.c ****   ******************************************************************************
  18:Core/Src/i2c.c ****   */
  19:Core/Src/i2c.c **** /* USER CODE END Header */
  20:Core/Src/i2c.c **** /* Includes ------------------------------------------------------------------*/
  21:Core/Src/i2c.c **** #include "i2c.h"
  22:Core/Src/i2c.c **** 
  23:Core/Src/i2c.c **** /* USER CODE BEGIN 0 */
  24:Core/Src/i2c.c **** 
  25:Core/Src/i2c.c **** /* USER CODE END 0 */
  26:Core/Src/i2c.c **** 
  27:Core/Src/i2c.c **** I2C_HandleTypeDef hi2c1;
  28:Core/Src/i2c.c **** 
  29:Core/Src/i2c.c **** /* I2C1 init function */
  30:Core/Src/i2c.c **** void MX_I2C1_Init(void)
ARM GAS  /tmp/ccQhPtwr.s 			page 2


  31:Core/Src/i2c.c **** {
  29              		.loc 1 31 1 view -0
  30              		.cfi_startproc
  31              		@ args = 0, pretend = 0, frame = 0
  32              		@ frame_needed = 0, uses_anonymous_args = 0
  33 0000 08B5     		push	{r3, lr}
  34              	.LCFI0:
  35              		.cfi_def_cfa_offset 8
  36              		.cfi_offset 3, -8
  37              		.cfi_offset 14, -4
  32:Core/Src/i2c.c **** 
  33:Core/Src/i2c.c ****   /* USER CODE BEGIN I2C1_Init 0 */
  34:Core/Src/i2c.c **** 
  35:Core/Src/i2c.c ****   /* USER CODE END I2C1_Init 0 */
  36:Core/Src/i2c.c **** 
  37:Core/Src/i2c.c ****   /* USER CODE BEGIN I2C1_Init 1 */
  38:Core/Src/i2c.c **** 
  39:Core/Src/i2c.c ****   /* USER CODE END I2C1_Init 1 */
  40:Core/Src/i2c.c ****   hi2c1.Instance = I2C1;
  38              		.loc 1 40 3 view .LVU1
  39              		.loc 1 40 18 is_stmt 0 view .LVU2
  40 0002 1348     		ldr	r0, .L9
  41 0004 134B     		ldr	r3, .L9+4
  42 0006 0360     		str	r3, [r0]
  41:Core/Src/i2c.c ****   hi2c1.Init.Timing = 0x0000020B;
  43              		.loc 1 41 3 is_stmt 1 view .LVU3
  44              		.loc 1 41 21 is_stmt 0 view .LVU4
  45 0008 40F20B23 		movw	r3, #523
  46 000c 4360     		str	r3, [r0, #4]
  42:Core/Src/i2c.c ****   hi2c1.Init.OwnAddress1 = 0;
  47              		.loc 1 42 3 is_stmt 1 view .LVU5
  48              		.loc 1 42 26 is_stmt 0 view .LVU6
  49 000e 0023     		movs	r3, #0
  50 0010 8360     		str	r3, [r0, #8]
  43:Core/Src/i2c.c ****   hi2c1.Init.AddressingMode = I2C_ADDRESSINGMODE_7BIT;
  51              		.loc 1 43 3 is_stmt 1 view .LVU7
  52              		.loc 1 43 29 is_stmt 0 view .LVU8
  53 0012 0122     		movs	r2, #1
  54 0014 C260     		str	r2, [r0, #12]
  44:Core/Src/i2c.c ****   hi2c1.Init.DualAddressMode = I2C_DUALADDRESS_DISABLE;
  55              		.loc 1 44 3 is_stmt 1 view .LVU9
  56              		.loc 1 44 30 is_stmt 0 view .LVU10
  57 0016 0361     		str	r3, [r0, #16]
  45:Core/Src/i2c.c ****   hi2c1.Init.OwnAddress2 = 0;
  58              		.loc 1 45 3 is_stmt 1 view .LVU11
  59              		.loc 1 45 26 is_stmt 0 view .LVU12
  60 0018 4361     		str	r3, [r0, #20]
  46:Core/Src/i2c.c ****   hi2c1.Init.OwnAddress2Masks = I2C_OA2_NOMASK;
  61              		.loc 1 46 3 is_stmt 1 view .LVU13
  62              		.loc 1 46 31 is_stmt 0 view .LVU14
  63 001a 8361     		str	r3, [r0, #24]
  47:Core/Src/i2c.c ****   hi2c1.Init.GeneralCallMode = I2C_GENERALCALL_DISABLE;
  64              		.loc 1 47 3 is_stmt 1 view .LVU15
  65              		.loc 1 47 30 is_stmt 0 view .LVU16
  66 001c C361     		str	r3, [r0, #28]
  48:Core/Src/i2c.c ****   hi2c1.Init.NoStretchMode = I2C_NOSTRETCH_DISABLE;
  67              		.loc 1 48 3 is_stmt 1 view .LVU17
ARM GAS  /tmp/ccQhPtwr.s 			page 3


  68              		.loc 1 48 28 is_stmt 0 view .LVU18
  69 001e 0362     		str	r3, [r0, #32]
  49:Core/Src/i2c.c ****   if (HAL_I2C_Init(&hi2c1) != HAL_OK)
  70              		.loc 1 49 3 is_stmt 1 view .LVU19
  71              		.loc 1 49 7 is_stmt 0 view .LVU20
  72 0020 FFF7FEFF 		bl	HAL_I2C_Init
  73              	.LVL0:
  74              		.loc 1 49 6 view .LVU21
  75 0024 50B9     		cbnz	r0, .L6
  76              	.L2:
  50:Core/Src/i2c.c ****   {
  51:Core/Src/i2c.c ****     Error_Handler();
  52:Core/Src/i2c.c ****   }
  53:Core/Src/i2c.c **** 
  54:Core/Src/i2c.c ****   /** Configure Analogue filter
  55:Core/Src/i2c.c ****   */
  56:Core/Src/i2c.c ****   if (HAL_I2CEx_ConfigAnalogFilter(&hi2c1, I2C_ANALOGFILTER_ENABLE) != HAL_OK)
  77              		.loc 1 56 3 is_stmt 1 view .LVU22
  78              		.loc 1 56 7 is_stmt 0 view .LVU23
  79 0026 0021     		movs	r1, #0
  80 0028 0948     		ldr	r0, .L9
  81 002a FFF7FEFF 		bl	HAL_I2CEx_ConfigAnalogFilter
  82              	.LVL1:
  83              		.loc 1 56 6 view .LVU24
  84 002e 40B9     		cbnz	r0, .L7
  85              	.L3:
  57:Core/Src/i2c.c ****   {
  58:Core/Src/i2c.c ****     Error_Handler();
  59:Core/Src/i2c.c ****   }
  60:Core/Src/i2c.c **** 
  61:Core/Src/i2c.c ****   /** Configure Digital filter
  62:Core/Src/i2c.c ****   */
  63:Core/Src/i2c.c ****   if (HAL_I2CEx_ConfigDigitalFilter(&hi2c1, 0) != HAL_OK)
  86              		.loc 1 63 3 is_stmt 1 view .LVU25
  87              		.loc 1 63 7 is_stmt 0 view .LVU26
  88 0030 0021     		movs	r1, #0
  89 0032 0748     		ldr	r0, .L9
  90 0034 FFF7FEFF 		bl	HAL_I2CEx_ConfigDigitalFilter
  91              	.LVL2:
  92              		.loc 1 63 6 view .LVU27
  93 0038 30B9     		cbnz	r0, .L8
  94              	.L1:
  64:Core/Src/i2c.c ****   {
  65:Core/Src/i2c.c ****     Error_Handler();
  66:Core/Src/i2c.c ****   }
  67:Core/Src/i2c.c ****   /* USER CODE BEGIN I2C1_Init 2 */
  68:Core/Src/i2c.c **** 
  69:Core/Src/i2c.c ****   /* USER CODE END I2C1_Init 2 */
  70:Core/Src/i2c.c **** 
  71:Core/Src/i2c.c **** }
  95              		.loc 1 71 1 view .LVU28
  96 003a 08BD     		pop	{r3, pc}
  97              	.L6:
  51:Core/Src/i2c.c ****   }
  98              		.loc 1 51 5 is_stmt 1 view .LVU29
  99 003c FFF7FEFF 		bl	Error_Handler
 100              	.LVL3:
ARM GAS  /tmp/ccQhPtwr.s 			page 4


 101 0040 F1E7     		b	.L2
 102              	.L7:
  58:Core/Src/i2c.c ****   }
 103              		.loc 1 58 5 view .LVU30
 104 0042 FFF7FEFF 		bl	Error_Handler
 105              	.LVL4:
 106 0046 F3E7     		b	.L3
 107              	.L8:
  65:Core/Src/i2c.c ****   }
 108              		.loc 1 65 5 view .LVU31
 109 0048 FFF7FEFF 		bl	Error_Handler
 110              	.LVL5:
 111              		.loc 1 71 1 is_stmt 0 view .LVU32
 112 004c F5E7     		b	.L1
 113              	.L10:
 114 004e 00BF     		.align	2
 115              	.L9:
 116 0050 00000000 		.word	.LANCHOR0
 117 0054 00540040 		.word	1073763328
 118              		.cfi_endproc
 119              	.LFE130:
 121              		.section	.text.HAL_I2C_MspInit,"ax",%progbits
 122              		.align	1
 123              		.global	HAL_I2C_MspInit
 124              		.syntax unified
 125              		.thumb
 126              		.thumb_func
 128              	HAL_I2C_MspInit:
 129              	.LVL6:
 130              	.LFB131:
  72:Core/Src/i2c.c **** 
  73:Core/Src/i2c.c **** void HAL_I2C_MspInit(I2C_HandleTypeDef* i2cHandle)
  74:Core/Src/i2c.c **** {
 131              		.loc 1 74 1 is_stmt 1 view -0
 132              		.cfi_startproc
 133              		@ args = 0, pretend = 0, frame = 32
 134              		@ frame_needed = 0, uses_anonymous_args = 0
 135              		.loc 1 74 1 is_stmt 0 view .LVU34
 136 0000 10B5     		push	{r4, lr}
 137              	.LCFI1:
 138              		.cfi_def_cfa_offset 8
 139              		.cfi_offset 4, -8
 140              		.cfi_offset 14, -4
 141 0002 88B0     		sub	sp, sp, #32
 142              	.LCFI2:
 143              		.cfi_def_cfa_offset 40
  75:Core/Src/i2c.c **** 
  76:Core/Src/i2c.c ****   GPIO_InitTypeDef GPIO_InitStruct = {0};
 144              		.loc 1 76 3 is_stmt 1 view .LVU35
 145              		.loc 1 76 20 is_stmt 0 view .LVU36
 146 0004 0023     		movs	r3, #0
 147 0006 0393     		str	r3, [sp, #12]
 148 0008 0493     		str	r3, [sp, #16]
 149 000a 0593     		str	r3, [sp, #20]
 150 000c 0693     		str	r3, [sp, #24]
 151 000e 0793     		str	r3, [sp, #28]
  77:Core/Src/i2c.c ****   if(i2cHandle->Instance==I2C1)
ARM GAS  /tmp/ccQhPtwr.s 			page 5


 152              		.loc 1 77 3 is_stmt 1 view .LVU37
 153              		.loc 1 77 15 is_stmt 0 view .LVU38
 154 0010 0268     		ldr	r2, [r0]
 155              		.loc 1 77 5 view .LVU39
 156 0012 134B     		ldr	r3, .L15
 157 0014 9A42     		cmp	r2, r3
 158 0016 01D0     		beq	.L14
 159              	.LVL7:
 160              	.L11:
  78:Core/Src/i2c.c ****   {
  79:Core/Src/i2c.c ****   /* USER CODE BEGIN I2C1_MspInit 0 */
  80:Core/Src/i2c.c **** 
  81:Core/Src/i2c.c ****   /* USER CODE END I2C1_MspInit 0 */
  82:Core/Src/i2c.c **** 
  83:Core/Src/i2c.c ****     __HAL_RCC_GPIOB_CLK_ENABLE();
  84:Core/Src/i2c.c ****     /**I2C1 GPIO Configuration
  85:Core/Src/i2c.c ****     PB6     ------> I2C1_SCL
  86:Core/Src/i2c.c ****     PB7     ------> I2C1_SDA
  87:Core/Src/i2c.c ****     */
  88:Core/Src/i2c.c ****     GPIO_InitStruct.Pin = I2C1_SCL_Pin|I2C1_SDA_Pin;
  89:Core/Src/i2c.c ****     GPIO_InitStruct.Mode = GPIO_MODE_AF_OD;
  90:Core/Src/i2c.c ****     GPIO_InitStruct.Pull = GPIO_PULLUP;
  91:Core/Src/i2c.c ****     GPIO_InitStruct.Speed = GPIO_SPEED_FREQ_HIGH;
  92:Core/Src/i2c.c ****     GPIO_InitStruct.Alternate = GPIO_AF4_I2C1;
  93:Core/Src/i2c.c ****     HAL_GPIO_Init(GPIOB, &GPIO_InitStruct);
  94:Core/Src/i2c.c **** 
  95:Core/Src/i2c.c ****     /* I2C1 clock enable */
  96:Core/Src/i2c.c ****     __HAL_RCC_I2C1_CLK_ENABLE();
  97:Core/Src/i2c.c ****   /* USER CODE BEGIN I2C1_MspInit 1 */
  98:Core/Src/i2c.c **** 
  99:Core/Src/i2c.c ****   /* USER CODE END I2C1_MspInit 1 */
 100:Core/Src/i2c.c ****   }
 101:Core/Src/i2c.c **** }
 161              		.loc 1 101 1 view .LVU40
 162 0018 08B0     		add	sp, sp, #32
 163              	.LCFI3:
 164              		.cfi_remember_state
 165              		.cfi_def_cfa_offset 8
 166              		@ sp needed
 167 001a 10BD     		pop	{r4, pc}
 168              	.LVL8:
 169              	.L14:
 170              	.LCFI4:
 171              		.cfi_restore_state
  83:Core/Src/i2c.c ****     /**I2C1 GPIO Configuration
 172              		.loc 1 83 5 is_stmt 1 view .LVU41
 173              	.LBB2:
  83:Core/Src/i2c.c ****     /**I2C1 GPIO Configuration
 174              		.loc 1 83 5 view .LVU42
  83:Core/Src/i2c.c ****     /**I2C1 GPIO Configuration
 175              		.loc 1 83 5 view .LVU43
 176 001c 114C     		ldr	r4, .L15+4
 177 001e 6369     		ldr	r3, [r4, #20]
 178 0020 43F48023 		orr	r3, r3, #262144
 179 0024 6361     		str	r3, [r4, #20]
  83:Core/Src/i2c.c ****     /**I2C1 GPIO Configuration
 180              		.loc 1 83 5 view .LVU44
ARM GAS  /tmp/ccQhPtwr.s 			page 6


 181 0026 6369     		ldr	r3, [r4, #20]
 182 0028 03F48023 		and	r3, r3, #262144
 183 002c 0193     		str	r3, [sp, #4]
  83:Core/Src/i2c.c ****     /**I2C1 GPIO Configuration
 184              		.loc 1 83 5 view .LVU45
 185 002e 019B     		ldr	r3, [sp, #4]
 186              	.LBE2:
  83:Core/Src/i2c.c ****     /**I2C1 GPIO Configuration
 187              		.loc 1 83 5 view .LVU46
  88:Core/Src/i2c.c ****     GPIO_InitStruct.Mode = GPIO_MODE_AF_OD;
 188              		.loc 1 88 5 view .LVU47
  88:Core/Src/i2c.c ****     GPIO_InitStruct.Mode = GPIO_MODE_AF_OD;
 189              		.loc 1 88 25 is_stmt 0 view .LVU48
 190 0030 C023     		movs	r3, #192
 191 0032 0393     		str	r3, [sp, #12]
  89:Core/Src/i2c.c ****     GPIO_InitStruct.Pull = GPIO_PULLUP;
 192              		.loc 1 89 5 is_stmt 1 view .LVU49
  89:Core/Src/i2c.c ****     GPIO_InitStruct.Pull = GPIO_PULLUP;
 193              		.loc 1 89 26 is_stmt 0 view .LVU50
 194 0034 1223     		movs	r3, #18
 195 0036 0493     		str	r3, [sp, #16]
  90:Core/Src/i2c.c ****     GPIO_InitStruct.Speed = GPIO_SPEED_FREQ_HIGH;
 196              		.loc 1 90 5 is_stmt 1 view .LVU51
  90:Core/Src/i2c.c ****     GPIO_InitStruct.Speed = GPIO_SPEED_FREQ_HIGH;
 197              		.loc 1 90 26 is_stmt 0 view .LVU52
 198 0038 0123     		movs	r3, #1
 199 003a 0593     		str	r3, [sp, #20]
  91:Core/Src/i2c.c ****     GPIO_InitStruct.Alternate = GPIO_AF4_I2C1;
 200              		.loc 1 91 5 is_stmt 1 view .LVU53
  91:Core/Src/i2c.c ****     GPIO_InitStruct.Alternate = GPIO_AF4_I2C1;
 201              		.loc 1 91 27 is_stmt 0 view .LVU54
 202 003c 0323     		movs	r3, #3
 203 003e 0693     		str	r3, [sp, #24]
  92:Core/Src/i2c.c ****     HAL_GPIO_Init(GPIOB, &GPIO_InitStruct);
 204              		.loc 1 92 5 is_stmt 1 view .LVU55
  92:Core/Src/i2c.c ****     HAL_GPIO_Init(GPIOB, &GPIO_InitStruct);
 205              		.loc 1 92 31 is_stmt 0 view .LVU56
 206 0040 0423     		movs	r3, #4
 207 0042 0793     		str	r3, [sp, #28]
  93:Core/Src/i2c.c **** 
 208              		.loc 1 93 5 is_stmt 1 view .LVU57
 209 0044 03A9     		add	r1, sp, #12
 210 0046 0848     		ldr	r0, .L15+8
 211              	.LVL9:
  93:Core/Src/i2c.c **** 
 212              		.loc 1 93 5 is_stmt 0 view .LVU58
 213 0048 FFF7FEFF 		bl	HAL_GPIO_Init
 214              	.LVL10:
  96:Core/Src/i2c.c ****   /* USER CODE BEGIN I2C1_MspInit 1 */
 215              		.loc 1 96 5 is_stmt 1 view .LVU59
 216              	.LBB3:
  96:Core/Src/i2c.c ****   /* USER CODE BEGIN I2C1_MspInit 1 */
 217              		.loc 1 96 5 view .LVU60
  96:Core/Src/i2c.c ****   /* USER CODE BEGIN I2C1_MspInit 1 */
 218              		.loc 1 96 5 view .LVU61
 219 004c E369     		ldr	r3, [r4, #28]
 220 004e 43F40013 		orr	r3, r3, #2097152
ARM GAS  /tmp/ccQhPtwr.s 			page 7


 221 0052 E361     		str	r3, [r4, #28]
  96:Core/Src/i2c.c ****   /* USER CODE BEGIN I2C1_MspInit 1 */
 222              		.loc 1 96 5 view .LVU62
 223 0054 E369     		ldr	r3, [r4, #28]
 224 0056 03F40013 		and	r3, r3, #2097152
 225 005a 0293     		str	r3, [sp, #8]
  96:Core/Src/i2c.c ****   /* USER CODE BEGIN I2C1_MspInit 1 */
 226              		.loc 1 96 5 view .LVU63
 227 005c 029B     		ldr	r3, [sp, #8]
 228              	.LBE3:
  96:Core/Src/i2c.c ****   /* USER CODE BEGIN I2C1_MspInit 1 */
 229              		.loc 1 96 5 view .LVU64
 230              		.loc 1 101 1 is_stmt 0 view .LVU65
 231 005e DBE7     		b	.L11
 232              	.L16:
 233              		.align	2
 234              	.L15:
 235 0060 00540040 		.word	1073763328
 236 0064 00100240 		.word	1073876992
 237 0068 00040048 		.word	1207960576
 238              		.cfi_endproc
 239              	.LFE131:
 241              		.section	.text.HAL_I2C_MspDeInit,"ax",%progbits
 242              		.align	1
 243              		.global	HAL_I2C_MspDeInit
 244              		.syntax unified
 245              		.thumb
 246              		.thumb_func
 248              	HAL_I2C_MspDeInit:
 249              	.LVL11:
 250              	.LFB132:
 102:Core/Src/i2c.c **** 
 103:Core/Src/i2c.c **** void HAL_I2C_MspDeInit(I2C_HandleTypeDef* i2cHandle)
 104:Core/Src/i2c.c **** {
 251              		.loc 1 104 1 is_stmt 1 view -0
 252              		.cfi_startproc
 253              		@ args = 0, pretend = 0, frame = 0
 254              		@ frame_needed = 0, uses_anonymous_args = 0
 105:Core/Src/i2c.c **** 
 106:Core/Src/i2c.c ****   if(i2cHandle->Instance==I2C1)
 255              		.loc 1 106 3 view .LVU67
 256              		.loc 1 106 15 is_stmt 0 view .LVU68
 257 0000 0268     		ldr	r2, [r0]
 258              		.loc 1 106 5 view .LVU69
 259 0002 0A4B     		ldr	r3, .L24
 260 0004 9A42     		cmp	r2, r3
 261 0006 00D0     		beq	.L23
 262 0008 7047     		bx	lr
 263              	.L23:
 104:Core/Src/i2c.c **** 
 264              		.loc 1 104 1 view .LVU70
 265 000a 10B5     		push	{r4, lr}
 266              	.LCFI5:
 267              		.cfi_def_cfa_offset 8
 268              		.cfi_offset 4, -8
 269              		.cfi_offset 14, -4
 107:Core/Src/i2c.c ****   {
ARM GAS  /tmp/ccQhPtwr.s 			page 8


 108:Core/Src/i2c.c ****   /* USER CODE BEGIN I2C1_MspDeInit 0 */
 109:Core/Src/i2c.c **** 
 110:Core/Src/i2c.c ****   /* USER CODE END I2C1_MspDeInit 0 */
 111:Core/Src/i2c.c ****     /* Peripheral clock disable */
 112:Core/Src/i2c.c ****     __HAL_RCC_I2C1_CLK_DISABLE();
 270              		.loc 1 112 5 is_stmt 1 view .LVU71
 271 000c 084A     		ldr	r2, .L24+4
 272 000e D369     		ldr	r3, [r2, #28]
 273 0010 23F40013 		bic	r3, r3, #2097152
 274 0014 D361     		str	r3, [r2, #28]
 113:Core/Src/i2c.c **** 
 114:Core/Src/i2c.c ****     /**I2C1 GPIO Configuration
 115:Core/Src/i2c.c ****     PB6     ------> I2C1_SCL
 116:Core/Src/i2c.c ****     PB7     ------> I2C1_SDA
 117:Core/Src/i2c.c ****     */
 118:Core/Src/i2c.c ****     HAL_GPIO_DeInit(I2C1_SCL_GPIO_Port, I2C1_SCL_Pin);
 275              		.loc 1 118 5 view .LVU72
 276 0016 074C     		ldr	r4, .L24+8
 277 0018 4021     		movs	r1, #64
 278 001a 2046     		mov	r0, r4
 279              	.LVL12:
 280              		.loc 1 118 5 is_stmt 0 view .LVU73
 281 001c FFF7FEFF 		bl	HAL_GPIO_DeInit
 282              	.LVL13:
 119:Core/Src/i2c.c **** 
 120:Core/Src/i2c.c ****     HAL_GPIO_DeInit(I2C1_SDA_GPIO_Port, I2C1_SDA_Pin);
 283              		.loc 1 120 5 is_stmt 1 view .LVU74
 284 0020 8021     		movs	r1, #128
 285 0022 2046     		mov	r0, r4
 286 0024 FFF7FEFF 		bl	HAL_GPIO_DeInit
 287              	.LVL14:
 121:Core/Src/i2c.c **** 
 122:Core/Src/i2c.c ****   /* USER CODE BEGIN I2C1_MspDeInit 1 */
 123:Core/Src/i2c.c **** 
 124:Core/Src/i2c.c ****   /* USER CODE END I2C1_MspDeInit 1 */
 125:Core/Src/i2c.c ****   }
 126:Core/Src/i2c.c **** }
 288              		.loc 1 126 1 is_stmt 0 view .LVU75
 289 0028 10BD     		pop	{r4, pc}
 290              	.L25:
 291 002a 00BF     		.align	2
 292              	.L24:
 293 002c 00540040 		.word	1073763328
 294 0030 00100240 		.word	1073876992
 295 0034 00040048 		.word	1207960576
 296              		.cfi_endproc
 297              	.LFE132:
 299              		.global	hi2c1
 300              		.section	.bss.hi2c1,"aw",%nobits
 301              		.align	2
 302              		.set	.LANCHOR0,. + 0
 305              	hi2c1:
 306 0000 00000000 		.space	76
 306      00000000 
 306      00000000 
 306      00000000 
 306      00000000 
ARM GAS  /tmp/ccQhPtwr.s 			page 9


 307              		.text
 308              	.Letext0:
 309              		.file 2 "/usr/share/gcc-arm-none-eabi-10.3-2021.10/arm-none-eabi/include/machine/_default_types.h"
 310              		.file 3 "/usr/share/gcc-arm-none-eabi-10.3-2021.10/arm-none-eabi/include/sys/_stdint.h"
 311              		.file 4 "Drivers/CMSIS/Device/ST/STM32F3xx/Include/stm32f303xc.h"
 312              		.file 5 "Drivers/STM32F3xx_HAL_Driver/Inc/stm32f3xx_hal_def.h"
 313              		.file 6 "Drivers/STM32F3xx_HAL_Driver/Inc/stm32f3xx_hal_gpio.h"
 314              		.file 7 "Drivers/STM32F3xx_HAL_Driver/Inc/stm32f3xx_hal_dma.h"
 315              		.file 8 "Drivers/STM32F3xx_HAL_Driver/Inc/stm32f3xx_hal_i2c.h"
 316              		.file 9 "Drivers/STM32F3xx_HAL_Driver/Inc/stm32f3xx_hal_i2c_ex.h"
 317              		.file 10 "Core/Inc/main.h"
 318              		.file 11 "Core/Inc/i2c.h"
ARM GAS  /tmp/ccQhPtwr.s 			page 10


DEFINED SYMBOLS
                            *ABS*:0000000000000000 i2c.c
     /tmp/ccQhPtwr.s:20     .text.MX_I2C1_Init:0000000000000000 $t
     /tmp/ccQhPtwr.s:26     .text.MX_I2C1_Init:0000000000000000 MX_I2C1_Init
     /tmp/ccQhPtwr.s:116    .text.MX_I2C1_Init:0000000000000050 $d
     /tmp/ccQhPtwr.s:122    .text.HAL_I2C_MspInit:0000000000000000 $t
     /tmp/ccQhPtwr.s:128    .text.HAL_I2C_MspInit:0000000000000000 HAL_I2C_MspInit
     /tmp/ccQhPtwr.s:235    .text.HAL_I2C_MspInit:0000000000000060 $d
     /tmp/ccQhPtwr.s:242    .text.HAL_I2C_MspDeInit:0000000000000000 $t
     /tmp/ccQhPtwr.s:248    .text.HAL_I2C_MspDeInit:0000000000000000 HAL_I2C_MspDeInit
     /tmp/ccQhPtwr.s:293    .text.HAL_I2C_MspDeInit:000000000000002c $d
     /tmp/ccQhPtwr.s:305    .bss.hi2c1:0000000000000000 hi2c1
     /tmp/ccQhPtwr.s:301    .bss.hi2c1:0000000000000000 $d

UNDEFINED SYMBOLS
HAL_I2C_Init
HAL_I2CEx_ConfigAnalogFilter
HAL_I2CEx_ConfigDigitalFilter
Error_Handler
HAL_GPIO_Init
HAL_GPIO_DeInit
